<?xml version="1.0" encoding="UTF-8"?>
<testsuite xmlns:xsi="http://www.w3.org/2001/XMLSchema-instance" xsi:noNamespaceSchemaLocation="https://maven.apache.org/surefire/maven-surefire-plugin/xsd/surefire-test-report.xsd" version="3.0.2" name="io.github.robertomessabrasil.test.imagestore.ImageProcessorApiApplicationTests" time="0.155" tests="1" errors="0" skipped="1" failures="0">
  <properties>
    <property name="java.specification.version" value="17"/>
    <property name="sun.jnu.encoding" value="UTF-8"/>
    <property name="java.class.path" value="/home/wardog1/emprego/test/repositories/image-store/image-processor-api/target/test-classes:/home/wardog1/emprego/test/repositories/image-store/image-processor-api/target/classes:/home/wardog1/.m2/repository/com/auth0/java-jwt/4.4.0/java-jwt-4.4.0.jar:/home/wardog1/.m2/repository/com/fasterxml/jackson/core/jackson-databind/2.18.3/jackson-databind-2.18.3.jar:/home/wardog1/.m2/repository/com/fasterxml/jackson/core/jackson-annotations/2.18.3/jackson-annotations-2.18.3.jar:/home/wardog1/.m2/repository/com/fasterxml/jackson/core/jackson-core/2.18.3/jackson-core-2.18.3.jar:/home/wardog1/.m2/repository/org/springframework/boot/spring-boot-starter-data-jpa/3.4.4/spring-boot-starter-data-jpa-3.4.4.jar:/home/wardog1/.m2/repository/org/springframework/boot/spring-boot-starter/3.4.4/spring-boot-starter-3.4.4.jar:/home/wardog1/.m2/repository/org/springframework/boot/spring-boot/3.4.4/spring-boot-3.4.4.jar:/home/wardog1/.m2/repository/org/springframework/boot/spring-boot-autoconfigure/3.4.4/spring-boot-autoconfigure-3.4.4.jar:/home/wardog1/.m2/repository/org/springframework/boot/spring-boot-starter-logging/3.4.4/spring-boot-starter-logging-3.4.4.jar:/home/wardog1/.m2/repository/ch/qos/logback/logback-classic/1.5.18/logback-classic-1.5.18.jar:/home/wardog1/.m2/repository/ch/qos/logback/logback-core/1.5.18/logback-core-1.5.18.jar:/home/wardog1/.m2/repository/org/apache/logging/log4j/log4j-to-slf4j/2.24.3/log4j-to-slf4j-2.24.3.jar:/home/wardog1/.m2/repository/org/apache/logging/log4j/log4j-api/2.24.3/log4j-api-2.24.3.jar:/home/wardog1/.m2/repository/org/slf4j/jul-to-slf4j/2.0.17/jul-to-slf4j-2.0.17.jar:/home/wardog1/.m2/repository/jakarta/annotation/jakarta.annotation-api/2.1.1/jakarta.annotation-api-2.1.1.jar:/home/wardog1/.m2/repository/org/yaml/snakeyaml/2.3/snakeyaml-2.3.jar:/home/wardog1/.m2/repository/org/springframework/boot/spring-boot-starter-jdbc/3.4.4/spring-boot-starter-jdbc-3.4.4.jar:/home/wardog1/.m2/repository/com/zaxxer/HikariCP/5.1.0/HikariCP-5.1.0.jar:/home/wardog1/.m2/repository/org/springframework/spring-jdbc/6.2.5/spring-jdbc-6.2.5.jar:/home/wardog1/.m2/repository/org/hibernate/orm/hibernate-core/6.6.11.Final/hibernate-core-6.6.11.Final.jar:/home/wardog1/.m2/repository/jakarta/persistence/jakarta.persistence-api/3.1.0/jakarta.persistence-api-3.1.0.jar:/home/wardog1/.m2/repository/jakarta/transaction/jakarta.transaction-api/2.0.1/jakarta.transaction-api-2.0.1.jar:/home/wardog1/.m2/repository/org/jboss/logging/jboss-logging/3.6.1.Final/jboss-logging-3.6.1.Final.jar:/home/wardog1/.m2/repository/org/hibernate/common/hibernate-commons-annotations/7.0.3.Final/hibernate-commons-annotations-7.0.3.Final.jar:/home/wardog1/.m2/repository/io/smallrye/jandex/3.2.0/jandex-3.2.0.jar:/home/wardog1/.m2/repository/com/fasterxml/classmate/1.7.0/classmate-1.7.0.jar:/home/wardog1/.m2/repository/net/bytebuddy/byte-buddy/1.15.11/byte-buddy-1.15.11.jar:/home/wardog1/.m2/repository/org/glassfish/jaxb/jaxb-runtime/4.0.5/jaxb-runtime-4.0.5.jar:/home/wardog1/.m2/repository/org/glassfish/jaxb/jaxb-core/4.0.5/jaxb-core-4.0.5.jar:/home/wardog1/.m2/repository/org/eclipse/angus/angus-activation/2.0.2/angus-activation-2.0.2.jar:/home/wardog1/.m2/repository/org/glassfish/jaxb/txw2/4.0.5/txw2-4.0.5.jar:/home/wardog1/.m2/repository/com/sun/istack/istack-commons-runtime/4.1.2/istack-commons-runtime-4.1.2.jar:/home/wardog1/.m2/repository/jakarta/inject/jakarta.inject-api/2.0.1/jakarta.inject-api-2.0.1.jar:/home/wardog1/.m2/repository/org/antlr/antlr4-runtime/4.13.0/antlr4-runtime-4.13.0.jar:/home/wardog1/.m2/repository/org/springframework/data/spring-data-jpa/3.4.4/spring-data-jpa-3.4.4.jar:/home/wardog1/.m2/repository/org/springframework/data/spring-data-commons/3.4.4/spring-data-commons-3.4.4.jar:/home/wardog1/.m2/repository/org/springframework/spring-orm/6.2.5/spring-orm-6.2.5.jar:/home/wardog1/.m2/repository/org/springframework/spring-context/6.2.5/spring-context-6.2.5.jar:/home/wardog1/.m2/repository/org/springframework/spring-tx/6.2.5/spring-tx-6.2.5.jar:/home/wardog1/.m2/repository/org/springframework/spring-beans/6.2.5/spring-beans-6.2.5.jar:/home/wardog1/.m2/repository/org/slf4j/slf4j-api/2.0.17/slf4j-api-2.0.17.jar:/home/wardog1/.m2/repository/org/springframework/spring-aspects/6.2.5/spring-aspects-6.2.5.jar:/home/wardog1/.m2/repository/org/aspectj/aspectjweaver/1.9.23/aspectjweaver-1.9.23.jar:/home/wardog1/.m2/repository/org/springframework/boot/spring-boot-starter-security/3.4.4/spring-boot-starter-security-3.4.4.jar:/home/wardog1/.m2/repository/org/springframework/spring-aop/6.2.5/spring-aop-6.2.5.jar:/home/wardog1/.m2/repository/org/springframework/security/spring-security-config/6.4.4/spring-security-config-6.4.4.jar:/home/wardog1/.m2/repository/org/springframework/security/spring-security-web/6.4.4/spring-security-web-6.4.4.jar:/home/wardog1/.m2/repository/org/springframework/spring-expression/6.2.5/spring-expression-6.2.5.jar:/home/wardog1/.m2/repository/org/springframework/boot/spring-boot-starter-web/3.4.4/spring-boot-starter-web-3.4.4.jar:/home/wardog1/.m2/repository/org/springframework/boot/spring-boot-starter-json/3.4.4/spring-boot-starter-json-3.4.4.jar:/home/wardog1/.m2/repository/com/fasterxml/jackson/datatype/jackson-datatype-jdk8/2.18.3/jackson-datatype-jdk8-2.18.3.jar:/home/wardog1/.m2/repository/com/fasterxml/jackson/datatype/jackson-datatype-jsr310/2.18.3/jackson-datatype-jsr310-2.18.3.jar:/home/wardog1/.m2/repository/com/fasterxml/jackson/module/jackson-module-parameter-names/2.18.3/jackson-module-parameter-names-2.18.3.jar:/home/wardog1/.m2/repository/org/springframework/boot/spring-boot-starter-tomcat/3.4.4/spring-boot-starter-tomcat-3.4.4.jar:/home/wardog1/.m2/repository/org/apache/tomcat/embed/tomcat-embed-core/10.1.39/tomcat-embed-core-10.1.39.jar:/home/wardog1/.m2/repository/org/apache/tomcat/embed/tomcat-embed-websocket/10.1.39/tomcat-embed-websocket-10.1.39.jar:/home/wardog1/.m2/repository/org/springframework/spring-web/6.2.5/spring-web-6.2.5.jar:/home/wardog1/.m2/repository/io/micrometer/micrometer-observation/1.14.5/micrometer-observation-1.14.5.jar:/home/wardog1/.m2/repository/io/micrometer/micrometer-commons/1.14.5/micrometer-commons-1.14.5.jar:/home/wardog1/.m2/repository/org/springframework/spring-webmvc/6.2.5/spring-webmvc-6.2.5.jar:/home/wardog1/.m2/repository/com/h2database/h2/2.3.232/h2-2.3.232.jar:/home/wardog1/.m2/repository/org/springframework/boot/spring-boot-starter-test/3.4.4/spring-boot-starter-test-3.4.4.jar:/home/wardog1/.m2/repository/org/springframework/boot/spring-boot-test/3.4.4/spring-boot-test-3.4.4.jar:/home/wardog1/.m2/repository/org/springframework/boot/spring-boot-test-autoconfigure/3.4.4/spring-boot-test-autoconfigure-3.4.4.jar:/home/wardog1/.m2/repository/com/jayway/jsonpath/json-path/2.9.0/json-path-2.9.0.jar:/home/wardog1/.m2/repository/jakarta/xml/bind/jakarta.xml.bind-api/4.0.2/jakarta.xml.bind-api-4.0.2.jar:/home/wardog1/.m2/repository/jakarta/activation/jakarta.activation-api/2.1.3/jakarta.activation-api-2.1.3.jar:/home/wardog1/.m2/repository/net/minidev/json-smart/2.5.2/json-smart-2.5.2.jar:/home/wardog1/.m2/repository/net/minidev/accessors-smart/2.5.2/accessors-smart-2.5.2.jar:/home/wardog1/.m2/repository/org/ow2/asm/asm/9.7.1/asm-9.7.1.jar:/home/wardog1/.m2/repository/org/assertj/assertj-core/3.26.3/assertj-core-3.26.3.jar:/home/wardog1/.m2/repository/org/awaitility/awaitility/4.2.2/awaitility-4.2.2.jar:/home/wardog1/.m2/repository/org/hamcrest/hamcrest/2.2/hamcrest-2.2.jar:/home/wardog1/.m2/repository/org/junit/jupiter/junit-jupiter/5.11.4/junit-jupiter-5.11.4.jar:/home/wardog1/.m2/repository/org/junit/jupiter/junit-jupiter-api/5.11.4/junit-jupiter-api-5.11.4.jar:/home/wardog1/.m2/repository/org/opentest4j/opentest4j/1.3.0/opentest4j-1.3.0.jar:/home/wardog1/.m2/repository/org/junit/platform/junit-platform-commons/1.11.4/junit-platform-commons-1.11.4.jar:/home/wardog1/.m2/repository/org/apiguardian/apiguardian-api/1.1.2/apiguardian-api-1.1.2.jar:/home/wardog1/.m2/repository/org/junit/jupiter/junit-jupiter-params/5.11.4/junit-jupiter-params-5.11.4.jar:/home/wardog1/.m2/repository/org/junit/jupiter/junit-jupiter-engine/5.11.4/junit-jupiter-engine-5.11.4.jar:/home/wardog1/.m2/repository/org/junit/platform/junit-platform-engine/1.11.4/junit-platform-engine-1.11.4.jar:/home/wardog1/.m2/repository/org/mockito/mockito-core/5.14.2/mockito-core-5.14.2.jar:/home/wardog1/.m2/repository/net/bytebuddy/byte-buddy-agent/1.15.11/byte-buddy-agent-1.15.11.jar:/home/wardog1/.m2/repository/org/objenesis/objenesis/3.3/objenesis-3.3.jar:/home/wardog1/.m2/repository/org/mockito/mockito-junit-jupiter/5.14.2/mockito-junit-jupiter-5.14.2.jar:/home/wardog1/.m2/repository/org/skyscreamer/jsonassert/1.5.3/jsonassert-1.5.3.jar:/home/wardog1/.m2/repository/com/vaadin/external/google/android-json/0.0.20131108.vaadin1/android-json-0.0.20131108.vaadin1.jar:/home/wardog1/.m2/repository/org/springframework/spring-core/6.2.5/spring-core-6.2.5.jar:/home/wardog1/.m2/repository/org/springframework/spring-jcl/6.2.5/spring-jcl-6.2.5.jar:/home/wardog1/.m2/repository/org/springframework/spring-test/6.2.5/spring-test-6.2.5.jar:/home/wardog1/.m2/repository/org/xmlunit/xmlunit-core/2.10.0/xmlunit-core-2.10.0.jar:/home/wardog1/.m2/repository/org/springframework/security/spring-security-test/6.4.4/spring-security-test-6.4.4.jar:/home/wardog1/.m2/repository/org/springframework/security/spring-security-core/6.4.4/spring-security-core-6.4.4.jar:/home/wardog1/.m2/repository/org/springframework/security/spring-security-crypto/6.4.4/spring-security-crypto-6.4.4.jar:/home/wardog1/.m2/repository/org/projectlombok/lombok/1.18.36/lombok-1.18.36.jar:/home/wardog1/.m2/repository/com/amazonaws/aws-java-sdk-s3/1.12.375/aws-java-sdk-s3-1.12.375.jar:/home/wardog1/.m2/repository/com/amazonaws/aws-java-sdk-kms/1.12.375/aws-java-sdk-kms-1.12.375.jar:/home/wardog1/.m2/repository/com/amazonaws/aws-java-sdk-core/1.12.375/aws-java-sdk-core-1.12.375.jar:/home/wardog1/.m2/repository/commons-logging/commons-logging/1.1.3/commons-logging-1.1.3.jar:/home/wardog1/.m2/repository/commons-codec/commons-codec/1.17.2/commons-codec-1.17.2.jar:/home/wardog1/.m2/repository/org/apache/httpcomponents/httpclient/4.5.13/httpclient-4.5.13.jar:/home/wardog1/.m2/repository/org/apache/httpcomponents/httpcore/4.4.16/httpcore-4.4.16.jar:/home/wardog1/.m2/repository/software/amazon/ion/ion-java/1.0.2/ion-java-1.0.2.jar:/home/wardog1/.m2/repository/com/fasterxml/jackson/dataformat/jackson-dataformat-cbor/2.18.3/jackson-dataformat-cbor-2.18.3.jar:/home/wardog1/.m2/repository/joda-time/joda-time/2.8.1/joda-time-2.8.1.jar:/home/wardog1/.m2/repository/com/amazonaws/jmespath-java/1.12.375/jmespath-java-1.12.375.jar:/home/wardog1/.m2/repository/com/amazonaws/aws-java-sdk-sns/1.12.772/aws-java-sdk-sns-1.12.772.jar:/home/wardog1/.m2/repository/com/amazonaws/aws-java-sdk-sqs/1.12.774/aws-java-sdk-sqs-1.12.774.jar:/home/wardog1/.m2/repository/org/springframework/boot/spring-boot-starter-validation/3.4.4/spring-boot-starter-validation-3.4.4.jar:/home/wardog1/.m2/repository/org/apache/tomcat/embed/tomcat-embed-el/10.1.39/tomcat-embed-el-10.1.39.jar:/home/wardog1/.m2/repository/org/hibernate/validator/hibernate-validator/8.0.2.Final/hibernate-validator-8.0.2.Final.jar:/home/wardog1/.m2/repository/jakarta/validation/jakarta.validation-api/3.0.2/jakarta.validation-api-3.0.2.jar:"/>
    <property name="java.vm.vendor" value="Ubuntu"/>
    <property name="sun.arch.data.model" value="64"/>
    <property name="java.vendor.url" value="https://ubuntu.com/"/>
    <property name="user.country.format" value="BR"/>
    <property name="os.name" value="Linux"/>
    <property name="java.vm.specification.version" value="17"/>
    <property name="sun.java.launcher" value="SUN_STANDARD"/>
    <property name="user.country" value="US"/>
    <property name="sun.boot.library.path" value="/usr/lib/jvm/java-17-openjdk-amd64/lib"/>
    <property name="sun.java.command" value="/home/wardog1/emprego/test/repositories/image-store/image-processor-api/target/surefire/surefirebooter-20250404011834773_3.jar /home/wardog1/emprego/test/repositories/image-store/image-processor-api/target/surefire 2025-04-04T01-18-34_489-jvmRun1 surefire-20250404011834773_1tmp surefire_0-20250404011834773_2tmp"/>
    <property name="jdk.debug" value="release"/>
    <property name="surefire.test.class.path" value="/home/wardog1/emprego/test/repositories/image-store/image-processor-api/target/test-classes:/home/wardog1/emprego/test/repositories/image-store/image-processor-api/target/classes:/home/wardog1/.m2/repository/com/auth0/java-jwt/4.4.0/java-jwt-4.4.0.jar:/home/wardog1/.m2/repository/com/fasterxml/jackson/core/jackson-databind/2.18.3/jackson-databind-2.18.3.jar:/home/wardog1/.m2/repository/com/fasterxml/jackson/core/jackson-annotations/2.18.3/jackson-annotations-2.18.3.jar:/home/wardog1/.m2/repository/com/fasterxml/jackson/core/jackson-core/2.18.3/jackson-core-2.18.3.jar:/home/wardog1/.m2/repository/org/springframework/boot/spring-boot-starter-data-jpa/3.4.4/spring-boot-starter-data-jpa-3.4.4.jar:/home/wardog1/.m2/repository/org/springframework/boot/spring-boot-starter/3.4.4/spring-boot-starter-3.4.4.jar:/home/wardog1/.m2/repository/org/springframework/boot/spring-boot/3.4.4/spring-boot-3.4.4.jar:/home/wardog1/.m2/repository/org/springframework/boot/spring-boot-autoconfigure/3.4.4/spring-boot-autoconfigure-3.4.4.jar:/home/wardog1/.m2/repository/org/springframework/boot/spring-boot-starter-logging/3.4.4/spring-boot-starter-logging-3.4.4.jar:/home/wardog1/.m2/repository/ch/qos/logback/logback-classic/1.5.18/logback-classic-1.5.18.jar:/home/wardog1/.m2/repository/ch/qos/logback/logback-core/1.5.18/logback-core-1.5.18.jar:/home/wardog1/.m2/repository/org/apache/logging/log4j/log4j-to-slf4j/2.24.3/log4j-to-slf4j-2.24.3.jar:/home/wardog1/.m2/repository/org/apache/logging/log4j/log4j-api/2.24.3/log4j-api-2.24.3.jar:/home/wardog1/.m2/repository/org/slf4j/jul-to-slf4j/2.0.17/jul-to-slf4j-2.0.17.jar:/home/wardog1/.m2/repository/jakarta/annotation/jakarta.annotation-api/2.1.1/jakarta.annotation-api-2.1.1.jar:/home/wardog1/.m2/repository/org/yaml/snakeyaml/2.3/snakeyaml-2.3.jar:/home/wardog1/.m2/repository/org/springframework/boot/spring-boot-starter-jdbc/3.4.4/spring-boot-starter-jdbc-3.4.4.jar:/home/wardog1/.m2/repository/com/zaxxer/HikariCP/5.1.0/HikariCP-5.1.0.jar:/home/wardog1/.m2/repository/org/springframework/spring-jdbc/6.2.5/spring-jdbc-6.2.5.jar:/home/wardog1/.m2/repository/org/hibernate/orm/hibernate-core/6.6.11.Final/hibernate-core-6.6.11.Final.jar:/home/wardog1/.m2/repository/jakarta/persistence/jakarta.persistence-api/3.1.0/jakarta.persistence-api-3.1.0.jar:/home/wardog1/.m2/repository/jakarta/transaction/jakarta.transaction-api/2.0.1/jakarta.transaction-api-2.0.1.jar:/home/wardog1/.m2/repository/org/jboss/logging/jboss-logging/3.6.1.Final/jboss-logging-3.6.1.Final.jar:/home/wardog1/.m2/repository/org/hibernate/common/hibernate-commons-annotations/7.0.3.Final/hibernate-commons-annotations-7.0.3.Final.jar:/home/wardog1/.m2/repository/io/smallrye/jandex/3.2.0/jandex-3.2.0.jar:/home/wardog1/.m2/repository/com/fasterxml/classmate/1.7.0/classmate-1.7.0.jar:/home/wardog1/.m2/repository/net/bytebuddy/byte-buddy/1.15.11/byte-buddy-1.15.11.jar:/home/wardog1/.m2/repository/org/glassfish/jaxb/jaxb-runtime/4.0.5/jaxb-runtime-4.0.5.jar:/home/wardog1/.m2/repository/org/glassfish/jaxb/jaxb-core/4.0.5/jaxb-core-4.0.5.jar:/home/wardog1/.m2/repository/org/eclipse/angus/angus-activation/2.0.2/angus-activation-2.0.2.jar:/home/wardog1/.m2/repository/org/glassfish/jaxb/txw2/4.0.5/txw2-4.0.5.jar:/home/wardog1/.m2/repository/com/sun/istack/istack-commons-runtime/4.1.2/istack-commons-runtime-4.1.2.jar:/home/wardog1/.m2/repository/jakarta/inject/jakarta.inject-api/2.0.1/jakarta.inject-api-2.0.1.jar:/home/wardog1/.m2/repository/org/antlr/antlr4-runtime/4.13.0/antlr4-runtime-4.13.0.jar:/home/wardog1/.m2/repository/org/springframework/data/spring-data-jpa/3.4.4/spring-data-jpa-3.4.4.jar:/home/wardog1/.m2/repository/org/springframework/data/spring-data-commons/3.4.4/spring-data-commons-3.4.4.jar:/home/wardog1/.m2/repository/org/springframework/spring-orm/6.2.5/spring-orm-6.2.5.jar:/home/wardog1/.m2/repository/org/springframework/spring-context/6.2.5/spring-context-6.2.5.jar:/home/wardog1/.m2/repository/org/springframework/spring-tx/6.2.5/spring-tx-6.2.5.jar:/home/wardog1/.m2/repository/org/springframework/spring-beans/6.2.5/spring-beans-6.2.5.jar:/home/wardog1/.m2/repository/org/slf4j/slf4j-api/2.0.17/slf4j-api-2.0.17.jar:/home/wardog1/.m2/repository/org/springframework/spring-aspects/6.2.5/spring-aspects-6.2.5.jar:/home/wardog1/.m2/repository/org/aspectj/aspectjweaver/1.9.23/aspectjweaver-1.9.23.jar:/home/wardog1/.m2/repository/org/springframework/boot/spring-boot-starter-security/3.4.4/spring-boot-starter-security-3.4.4.jar:/home/wardog1/.m2/repository/org/springframework/spring-aop/6.2.5/spring-aop-6.2.5.jar:/home/wardog1/.m2/repository/org/springframework/security/spring-security-config/6.4.4/spring-security-config-6.4.4.jar:/home/wardog1/.m2/repository/org/springframework/security/spring-security-web/6.4.4/spring-security-web-6.4.4.jar:/home/wardog1/.m2/repository/org/springframework/spring-expression/6.2.5/spring-expression-6.2.5.jar:/home/wardog1/.m2/repository/org/springframework/boot/spring-boot-starter-web/3.4.4/spring-boot-starter-web-3.4.4.jar:/home/wardog1/.m2/repository/org/springframework/boot/spring-boot-starter-json/3.4.4/spring-boot-starter-json-3.4.4.jar:/home/wardog1/.m2/repository/com/fasterxml/jackson/datatype/jackson-datatype-jdk8/2.18.3/jackson-datatype-jdk8-2.18.3.jar:/home/wardog1/.m2/repository/com/fasterxml/jackson/datatype/jackson-datatype-jsr310/2.18.3/jackson-datatype-jsr310-2.18.3.jar:/home/wardog1/.m2/repository/com/fasterxml/jackson/module/jackson-module-parameter-names/2.18.3/jackson-module-parameter-names-2.18.3.jar:/home/wardog1/.m2/repository/org/springframework/boot/spring-boot-starter-tomcat/3.4.4/spring-boot-starter-tomcat-3.4.4.jar:/home/wardog1/.m2/repository/org/apache/tomcat/embed/tomcat-embed-core/10.1.39/tomcat-embed-core-10.1.39.jar:/home/wardog1/.m2/repository/org/apache/tomcat/embed/tomcat-embed-websocket/10.1.39/tomcat-embed-websocket-10.1.39.jar:/home/wardog1/.m2/repository/org/springframework/spring-web/6.2.5/spring-web-6.2.5.jar:/home/wardog1/.m2/repository/io/micrometer/micrometer-observation/1.14.5/micrometer-observation-1.14.5.jar:/home/wardog1/.m2/repository/io/micrometer/micrometer-commons/1.14.5/micrometer-commons-1.14.5.jar:/home/wardog1/.m2/repository/org/springframework/spring-webmvc/6.2.5/spring-webmvc-6.2.5.jar:/home/wardog1/.m2/repository/com/h2database/h2/2.3.232/h2-2.3.232.jar:/home/wardog1/.m2/repository/org/springframework/boot/spring-boot-starter-test/3.4.4/spring-boot-starter-test-3.4.4.jar:/home/wardog1/.m2/repository/org/springframework/boot/spring-boot-test/3.4.4/spring-boot-test-3.4.4.jar:/home/wardog1/.m2/repository/org/springframework/boot/spring-boot-test-autoconfigure/3.4.4/spring-boot-test-autoconfigure-3.4.4.jar:/home/wardog1/.m2/repository/com/jayway/jsonpath/json-path/2.9.0/json-path-2.9.0.jar:/home/wardog1/.m2/repository/jakarta/xml/bind/jakarta.xml.bind-api/4.0.2/jakarta.xml.bind-api-4.0.2.jar:/home/wardog1/.m2/repository/jakarta/activation/jakarta.activation-api/2.1.3/jakarta.activation-api-2.1.3.jar:/home/wardog1/.m2/repository/net/minidev/json-smart/2.5.2/json-smart-2.5.2.jar:/home/wardog1/.m2/repository/net/minidev/accessors-smart/2.5.2/accessors-smart-2.5.2.jar:/home/wardog1/.m2/repository/org/ow2/asm/asm/9.7.1/asm-9.7.1.jar:/home/wardog1/.m2/repository/org/assertj/assertj-core/3.26.3/assertj-core-3.26.3.jar:/home/wardog1/.m2/repository/org/awaitility/awaitility/4.2.2/awaitility-4.2.2.jar:/home/wardog1/.m2/repository/org/hamcrest/hamcrest/2.2/hamcrest-2.2.jar:/home/wardog1/.m2/repository/org/junit/jupiter/junit-jupiter/5.11.4/junit-jupiter-5.11.4.jar:/home/wardog1/.m2/repository/org/junit/jupiter/junit-jupiter-api/5.11.4/junit-jupiter-api-5.11.4.jar:/home/wardog1/.m2/repository/org/opentest4j/opentest4j/1.3.0/opentest4j-1.3.0.jar:/home/wardog1/.m2/repository/org/junit/platform/junit-platform-commons/1.11.4/junit-platform-commons-1.11.4.jar:/home/wardog1/.m2/repository/org/apiguardian/apiguardian-api/1.1.2/apiguardian-api-1.1.2.jar:/home/wardog1/.m2/repository/org/junit/jupiter/junit-jupiter-params/5.11.4/junit-jupiter-params-5.11.4.jar:/home/wardog1/.m2/repository/org/junit/jupiter/junit-jupiter-engine/5.11.4/junit-jupiter-engine-5.11.4.jar:/home/wardog1/.m2/repository/org/junit/platform/junit-platform-engine/1.11.4/junit-platform-engine-1.11.4.jar:/home/wardog1/.m2/repository/org/mockito/mockito-core/5.14.2/mockito-core-5.14.2.jar:/home/wardog1/.m2/repository/net/bytebuddy/byte-buddy-agent/1.15.11/byte-buddy-agent-1.15.11.jar:/home/wardog1/.m2/repository/org/objenesis/objenesis/3.3/objenesis-3.3.jar:/home/wardog1/.m2/repository/org/mockito/mockito-junit-jupiter/5.14.2/mockito-junit-jupiter-5.14.2.jar:/home/wardog1/.m2/repository/org/skyscreamer/jsonassert/1.5.3/jsonassert-1.5.3.jar:/home/wardog1/.m2/repository/com/vaadin/external/google/android-json/0.0.20131108.vaadin1/android-json-0.0.20131108.vaadin1.jar:/home/wardog1/.m2/repository/org/springframework/spring-core/6.2.5/spring-core-6.2.5.jar:/home/wardog1/.m2/repository/org/springframework/spring-jcl/6.2.5/spring-jcl-6.2.5.jar:/home/wardog1/.m2/repository/org/springframework/spring-test/6.2.5/spring-test-6.2.5.jar:/home/wardog1/.m2/repository/org/xmlunit/xmlunit-core/2.10.0/xmlunit-core-2.10.0.jar:/home/wardog1/.m2/repository/org/springframework/security/spring-security-test/6.4.4/spring-security-test-6.4.4.jar:/home/wardog1/.m2/repository/org/springframework/security/spring-security-core/6.4.4/spring-security-core-6.4.4.jar:/home/wardog1/.m2/repository/org/springframework/security/spring-security-crypto/6.4.4/spring-security-crypto-6.4.4.jar:/home/wardog1/.m2/repository/org/projectlombok/lombok/1.18.36/lombok-1.18.36.jar:/home/wardog1/.m2/repository/com/amazonaws/aws-java-sdk-s3/1.12.375/aws-java-sdk-s3-1.12.375.jar:/home/wardog1/.m2/repository/com/amazonaws/aws-java-sdk-kms/1.12.375/aws-java-sdk-kms-1.12.375.jar:/home/wardog1/.m2/repository/com/amazonaws/aws-java-sdk-core/1.12.375/aws-java-sdk-core-1.12.375.jar:/home/wardog1/.m2/repository/commons-logging/commons-logging/1.1.3/commons-logging-1.1.3.jar:/home/wardog1/.m2/repository/commons-codec/commons-codec/1.17.2/commons-codec-1.17.2.jar:/home/wardog1/.m2/repository/org/apache/httpcomponents/httpclient/4.5.13/httpclient-4.5.13.jar:/home/wardog1/.m2/repository/org/apache/httpcomponents/httpcore/4.4.16/httpcore-4.4.16.jar:/home/wardog1/.m2/repository/software/amazon/ion/ion-java/1.0.2/ion-java-1.0.2.jar:/home/wardog1/.m2/repository/com/fasterxml/jackson/dataformat/jackson-dataformat-cbor/2.18.3/jackson-dataformat-cbor-2.18.3.jar:/home/wardog1/.m2/repository/joda-time/joda-time/2.8.1/joda-time-2.8.1.jar:/home/wardog1/.m2/repository/com/amazonaws/jmespath-java/1.12.375/jmespath-java-1.12.375.jar:/home/wardog1/.m2/repository/com/amazonaws/aws-java-sdk-sns/1.12.772/aws-java-sdk-sns-1.12.772.jar:/home/wardog1/.m2/repository/com/amazonaws/aws-java-sdk-sqs/1.12.774/aws-java-sdk-sqs-1.12.774.jar:/home/wardog1/.m2/repository/org/springframework/boot/spring-boot-starter-validation/3.4.4/spring-boot-starter-validation-3.4.4.jar:/home/wardog1/.m2/repository/org/apache/tomcat/embed/tomcat-embed-el/10.1.39/tomcat-embed-el-10.1.39.jar:/home/wardog1/.m2/repository/org/hibernate/validator/hibernate-validator/8.0.2.Final/hibernate-validator-8.0.2.Final.jar:/home/wardog1/.m2/repository/jakarta/validation/jakarta.validation-api/3.0.2/jakarta.validation-api-3.0.2.jar:"/>
    <property name="sun.cpu.endian" value="little"/>
    <property name="user.home" value="/home/wardog1"/>
    <property name="user.language" value="en"/>
    <property name="java.specification.vendor" value="Oracle Corporation"/>
    <property name="java.version.date" value="2025-01-21"/>
    <property name="java.home" value="/usr/lib/jvm/java-17-openjdk-amd64"/>
    <property name="file.separator" value="/"/>
    <property name="basedir" value="/home/wardog1/emprego/test/repositories/image-store/image-processor-api"/>
    <property name="java.vm.compressedOopsMode" value="Zero based"/>
    <property name="line.separator" value="&#10;"/>
    <property name="java.specification.name" value="Java Platform API Specification"/>
    <property name="java.vm.specification.vendor" value="Oracle Corporation"/>
    <property name="surefire.real.class.path" value="/home/wardog1/emprego/test/repositories/image-store/image-processor-api/target/surefire/surefirebooter-20250404011834773_3.jar"/>
    <property name="sun.management.compiler" value="HotSpot 64-Bit Tiered Compilers"/>
    <property name="java.runtime.version" value="17.0.14+7-Ubuntu-122.04.1"/>
    <property name="user.name" value="wardog1"/>
    <property name="path.separator" value=":"/>
    <property name="os.version" value="6.8.0-57-generic"/>
    <property name="java.runtime.name" value="OpenJDK Runtime Environment"/>
    <property name="file.encoding" value="UTF-8"/>
    <property name="java.vm.name" value="OpenJDK 64-Bit Server VM"/>
    <property name="localRepository" value="/home/wardog1/.m2/repository"/>
    <property name="java.vendor.url.bug" value="https://bugs.launchpad.net/ubuntu/+source/openjdk-17"/>
    <property name="java.io.tmpdir" value="/tmp"/>
    <property name="idea.version" value="2024.3.1.1"/>
    <property name="java.version" value="17.0.14"/>
    <property name="user.dir" value="/home/wardog1/emprego/test/repositories/image-store/image-processor-api"/>
    <property name="os.arch" value="amd64"/>
    <property name="java.vm.specification.name" value="Java Virtual Machine Specification"/>
    <property name="user.language.format" value="pt"/>
    <property name="native.encoding" value="UTF-8"/>
    <property name="java.library.path" value="/usr/java/packages/lib:/usr/lib/x86_64-linux-gnu/jni:/lib/x86_64-linux-gnu:/usr/lib/x86_64-linux-gnu:/usr/lib/jni:/lib:/usr/lib"/>
    <property name="java.vm.info" value="mixed mode, sharing"/>
    <property name="java.vendor" value="Ubuntu"/>
    <property name="java.vm.version" value="17.0.14+7-Ubuntu-122.04.1"/>
    <property name="java.specification.maintenance.version" value="1"/>
    <property name="sun.io.unicode.encoding" value="UnicodeLittle"/>
    <property name="java.class.version" value="61.0"/>
  </properties>
  <testcase name="contextLoads" classname="io.github.robertomessabrasil.test.imagestore.ImageProcessorApiApplicationTests" time="0.0">
    <skipped message="void io.github.robertomessabrasil.test.imagestore.ImageProcessorApiApplicationTests.contextLoads() is @Disabled"/>
  </testcase>
</testsuite>